<?xml version="1.0" encoding="UTF-8"?>
<!-- Generated by org.testng.reporters.JUnitXMLReporter -->
<testsuite ignored="0" hostname="DESKTOP-9NNFO5V" failures="0" tests="6" name="Test" time="0.051" errors="0" timestamp="10 Oct 2020 19:07:08 GMT">
  <testcase classname="qaclickacademy.Mavenjava1.RESTAPITest" name="deleteTwitter" time="0.014"/>
  <testcase classname="qaclickacademy.Mavenjava1.RESTAPITest" name="posJira" time="0.001"/>
  <testcase classname="qaclickacademy.Mavenjava1.SeleniumTest" name="BrowserAutomation" time="0.001"/>
  <testcase classname="qaclickacademy.Mavenjava1.SeleniumTest" name="elementsUi" time="0.001"/>
  <testcase classname="qaclickacademy.Mavenjava1.AppiumTest" name="BrowserAutomation" time="0.001"/>
  <testcase classname="qaclickacademy.Mavenjava1.AppiumTest" name="NativeAPpAndroid" time="0.001"/>
</testsuite> <!-- Test -->
