<?xml version="1.0" encoding="UTF-8"?>
<testng-results ignored="0" total="6" passed="6" failed="0" skipped="0">
  <reporter-output>
  </reporter-output>
  <suite started-at="2020-10-10T19:07:08Z" name="Suite" finished-at="2020-10-10T19:07:08Z" duration-ms="51">
    <groups>
    </groups>
    <test started-at="2020-10-10T19:07:08Z" name="Test" finished-at="2020-10-10T19:07:08Z" duration-ms="51">
      <class name="qaclickacademy.Mavenjava1.SeleniumTest">
        <test-method signature="BrowserAutomation()[pri:0, instance:qaclickacademy.Mavenjava1.SeleniumTest@4b8ee4de]" started-at="2020-10-11T00:37:08Z" name="BrowserAutomation" finished-at="2020-10-11T00:37:08Z" duration-ms="1" status="PASS">
          <reporter-output>
          </reporter-output>
        </test-method> <!-- BrowserAutomation -->
        <test-method signature="elementsUi()[pri:0, instance:qaclickacademy.Mavenjava1.SeleniumTest@4b8ee4de]" started-at="2020-10-11T00:37:08Z" name="elementsUi" finished-at="2020-10-11T00:37:08Z" duration-ms="1" status="PASS">
          <reporter-output>
          </reporter-output>
        </test-method> <!-- elementsUi -->
      </class> <!-- qaclickacademy.Mavenjava1.SeleniumTest -->
      <class name="qaclickacademy.Mavenjava1.AppiumTest">
        <test-method signature="BrowserAutomation()[pri:0, instance:qaclickacademy.Mavenjava1.AppiumTest@27f981c6]" started-at="2020-10-11T00:37:08Z" name="BrowserAutomation" finished-at="2020-10-11T00:37:08Z" duration-ms="1" status="PASS">
          <reporter-output>
          </reporter-output>
        </test-method> <!-- BrowserAutomation -->
        <test-method signature="NativeAPpAndroid()[pri:0, instance:qaclickacademy.Mavenjava1.AppiumTest@27f981c6]" started-at="2020-10-11T00:37:08Z" name="NativeAPpAndroid" finished-at="2020-10-11T00:37:08Z" duration-ms="1" status="PASS">
          <reporter-output>
          </reporter-output>
        </test-method> <!-- NativeAPpAndroid -->
      </class> <!-- qaclickacademy.Mavenjava1.AppiumTest -->
      <class name="qaclickacademy.Mavenjava1.RESTAPITest">
        <test-method signature="deleteTwitter()[pri:0, instance:qaclickacademy.Mavenjava1.RESTAPITest@4310d43]" started-at="2020-10-11T00:37:08Z" name="deleteTwitter" finished-at="2020-10-11T00:37:08Z" duration-ms="14" status="PASS">
          <reporter-output>
          </reporter-output>
        </test-method> <!-- deleteTwitter -->
        <test-method signature="posJira()[pri:0, instance:qaclickacademy.Mavenjava1.RESTAPITest@4310d43]" started-at="2020-10-11T00:37:08Z" name="posJira" finished-at="2020-10-11T00:37:08Z" duration-ms="1" status="PASS">
          <reporter-output>
          </reporter-output>
        </test-method> <!-- posJira -->
      </class> <!-- qaclickacademy.Mavenjava1.RESTAPITest -->
    </test> <!-- Test -->
  </suite> <!-- Suite -->
</testng-results>
